0        [INFO ] |entrada_salida.GestionarArchivos                  | - Procesando: Prueba.csv
21       [INFO ] |preprocesamiento.Preprocesamiento                 | - Normalizando...
51       [INFO ] |preprocesamiento.Preprocesamiento                 | - Preprocesamiento Realizado
293      [INFO ] |preprocesamiento.Lematizar                        | - Lematizacion Realizada
329      [INFO ] |main.Main                                         | - Normalizacion terminada
334      [INFO ] |extraccion_caracteristicas.GestionarVectorPalabras| - Vector de palabras creado
337      [INFO ] |extraccion_caracteristicas.GestionarVectorPalabras| - DB: 0	WN: 0
337      [INFO ] |extraccion_caracteristicas.GestionarVectorPalabras| - Frecuencias generadas
340      [INFO ] |extraccion_caracteristicas.GestionarDistancias    | - Calculando Similitud Coseno entre cada par de Comentarios...
354      [INFO ] |extraccion_caracteristicas.GestionarDistancias    | - Similitudes calculadas
358      [INFO ] |LP.GestionarSemillasLP                            | - Semillas generadas
359      [INFO ] |LP.GestionarSemillasLP                            | - Gold labels generadas
364      [INFO ] |utiles.ArchivoConfiguracionLP                     | - Archivo configuracion generado
381      [INFO ] |LP.GestionarLabelPropagation                      | - Ejecutando Label Propagation
15992    [INFO ] |LP.GestionarLabelPropagation                      | - Finalizo ejecucion Label Propagation
34548    [INFO ] |entrada_salida.GestionarArchivos                  | - Procesando: Prueba_config_12
34548    [ERROR] |entrada_salida.LeerArchivoSalidaLP                | - Error en Leer archivo salida LP: null
34574    [INFO ] |evaluacion.GestionarIndicadores                   | - Indicadores Label Propagation
34595    [ERROR] |entrada_salida.LeerArchivoSalidaLP                | - Error en Leer archivo salida LP: C:\Label_Propagation\Datos_Prueba\Datos_Prueba_config_12\label_prop_Prueba_config_12_12 (El sistema no puede encontrar la ruta especificada)
34689    [INFO ] |entrada_salida.EscribirExcelSalida                | - Escrbiendo archivo de salida XLS
34759    [INFO ] |entrada_salida.EscribirExcelSalida                | - Archivo XLS con etiquetas propagadas generado exitosamente
